<?xml version="1.0" encoding="utf-8"?><testsuites name="pytest tests"><testsuite name="pytest" errors="0" failures="0" skipped="0" tests="8" time="10.609" timestamp="2026-09-07T12:50:56.820038+00:00" hostname="agent-env-82d37b40-2048-4be5-b8d2-d82c291b7708"><testcase classname="tests.test_riforma_2027.TestContent" name="test_content_200" time="0.536" /><testcase classname="tests.test_riforma_2027.TestAssistant" name="test_assistant_returns_text" time="10.196" /><testcase classname="tests.test_riforma_2027.TestContent" name="test_riforma_no_fasi" time="0.000" /><testcase classname="tests.test_riforma_2027.TestContent" name="test_riforma_intro_2027" time="0.001" /><testcase classname="tests.test_riforma_2027.TestContent" name="test_riforma_has_expected_fields" time="0.000" /><testcase classname="tests.test_riforma_2027.TestContent" name="test_faq_and_glossario_present" time="0.000" /><testcase classname="tests.test_riforma_2027.TestContent" name="test_importi_present" time="0.000" /><testcase classname="tests.test_riforma_2027.TestAssistant" name="test_assistant_empty_question_400" time="0.069" /></testsuite></testsuites>